openCVLibrary343/build/intermediates/manifest_merge_blame_file/release/manifest-merger-blame-release-report.txt
1<?xml version="1.0" encoding="utf-8"?>
2<manifest xmlns:android="http://schemas.android.com/apk/res/android"
3    package="org.opencv"
4    android:versionCode="3430"
5    android:versionName="3.4.3" >
6
7    <uses-sdk
8        android:minSdkVersion="21"
8-->src/main/AndroidManifest.xml
9        android:targetSdkVersion="28" />
9-->src/main/AndroidManifest.xml
10
11    <uses-permission android:name="android.permission.CAMERA" />
11-->src/main/AndroidManifest.xml:7:5-65
11-->src/main/AndroidManifest.xml:7:22-62
12
13    <uses-feature
13-->src/main/AndroidManifest.xml:9:5-11:36
14        android:name="android.hardware.camera"
14-->src/main/AndroidManifest.xml:10:9-47
15        android:required="false" />
15-->src/main/AndroidManifest.xml:11:9-33
16    <uses-feature
16-->src/main/AndroidManifest.xml:13:5-15:36
17        android:name="android.hardware.camera.front"
17-->src/main/AndroidManifest.xml:14:9-53
18        android:required="false" />
18-->src/main/AndroidManifest.xml:15:9-33
19
20</manifest>